[debug] [2022-08-02T10:16:33.841Z] ----------------------------------------------------------------------
[debug] [2022-08-02T10:16:33.841Z] Command:       /usr/local/bin/node /usr/local/bin/firebase deploy
[debug] [2022-08-02T10:16:33.842Z] CLI Version:   11.4.0
[debug] [2022-08-02T10:16:33.842Z] Platform:      darwin
[debug] [2022-08-02T10:16:33.842Z] Node Version:  v17.3.0
[debug] [2022-08-02T10:16:33.843Z] Time:          Tue Aug 02 2022 13:16:33 GMT+0300 (Israel Daylight Time)
[debug] [2022-08-02T10:16:33.843Z] ----------------------------------------------------------------------
[debug] 
[debug] [2022-08-02T10:16:33.871Z] > command requires scopes: ["email","openid","https://www.googleapis.com/auth/cloudplatformprojects.readonly","https://www.googleapis.com/auth/firebase","https://www.googleapis.com/auth/cloud-platform"]
[debug] [2022-08-02T10:16:33.872Z] > authorizing via signed-in user (roee.chaimowicz@clearme.com)
[debug] [2022-08-02T10:16:33.872Z] [iam] checking project netlify-test-288a1 for permissions ["firebase.projects.get","firebasehosting.sites.update"]
[debug] [2022-08-02T10:16:33.873Z] >>> [apiv2][query] POST https://cloudresourcemanager.googleapis.com/v1/projects/netlify-test-288a1:testIamPermissions [none]
[debug] [2022-08-02T10:16:33.873Z] >>> [apiv2][(partial)header] POST https://cloudresourcemanager.googleapis.com/v1/projects/netlify-test-288a1:testIamPermissions x-goog-quota-user=projects/netlify-test-288a1
[debug] [2022-08-02T10:16:33.873Z] >>> [apiv2][body] POST https://cloudresourcemanager.googleapis.com/v1/projects/netlify-test-288a1:testIamPermissions {"permissions":["firebase.projects.get","firebasehosting.sites.update"]}
[debug] [2022-08-02T10:16:34.424Z] <<< [apiv2][status] POST https://cloudresourcemanager.googleapis.com/v1/projects/netlify-test-288a1:testIamPermissions 200
[debug] [2022-08-02T10:16:34.425Z] <<< [apiv2][body] POST https://cloudresourcemanager.googleapis.com/v1/projects/netlify-test-288a1:testIamPermissions {"permissions":["firebase.projects.get","firebasehosting.sites.update"]}
[debug] [2022-08-02T10:16:34.425Z] >>> [apiv2][query] GET https://firebase.googleapis.com/v1beta1/projects/netlify-test-288a1 [none]
[debug] [2022-08-02T10:16:35.099Z] <<< [apiv2][status] GET https://firebase.googleapis.com/v1beta1/projects/netlify-test-288a1 200
[debug] [2022-08-02T10:16:35.099Z] <<< [apiv2][body] GET https://firebase.googleapis.com/v1beta1/projects/netlify-test-288a1 {"projectId":"netlify-test-288a1","projectNumber":"550957186344","displayName":"Netlify Test","name":"projects/netlify-test-288a1","resources":{"hostingSite":"netlify-test-288a1"},"state":"ACTIVE","etag":"1_1a80ffdf-c979-4ebd-9bff-99f57780e8cd"}
[info] 
[info] === Deploying to 'netlify-test-288a1'...
[info] 
[info] i  deploying hosting 
[debug] [2022-08-02T10:16:35.100Z] >>> [apiv2][query] GET https://firebase.googleapis.com/v1beta1/projects/netlify-test-288a1 [none]
[debug] [2022-08-02T10:16:35.826Z] <<< [apiv2][status] GET https://firebase.googleapis.com/v1beta1/projects/netlify-test-288a1 200
[debug] [2022-08-02T10:16:35.826Z] <<< [apiv2][body] GET https://firebase.googleapis.com/v1beta1/projects/netlify-test-288a1 {"projectId":"netlify-test-288a1","projectNumber":"550957186344","displayName":"Netlify Test","name":"projects/netlify-test-288a1","resources":{"hostingSite":"netlify-test-288a1"},"state":"ACTIVE","etag":"1_1a80ffdf-c979-4ebd-9bff-99f57780e8cd"}
[debug] [2022-08-02T10:16:35.828Z] >>> [apiv2][query] POST https://firebasehosting.googleapis.com/v1beta1/projects/550957186344/sites/netlify-test-288a1/versions [none]
[debug] [2022-08-02T10:16:35.828Z] >>> [apiv2][body] POST https://firebasehosting.googleapis.com/v1beta1/projects/550957186344/sites/netlify-test-288a1/versions {"config":{"rewrites":[{"glob":"**","path":"/index.html"}]},"labels":{"deployment-tool":"cli-firebase"}}
[debug] [2022-08-02T10:16:37.075Z] <<< [apiv2][status] POST https://firebasehosting.googleapis.com/v1beta1/projects/550957186344/sites/netlify-test-288a1/versions 200
[debug] [2022-08-02T10:16:37.076Z] <<< [apiv2][body] POST https://firebasehosting.googleapis.com/v1beta1/projects/550957186344/sites/netlify-test-288a1/versions {"name":"projects/550957186344/sites/netlify-test-288a1/versions/8b13117df0a371db","status":"CREATED","config":{"rewrites":[{"glob":"**","path":"/index.html"}]},"labels":{"deployment-tool":"cli-firebase"}}
[info] i  hosting[netlify-test-288a1]: beginning deploy... 
[info] i  hosting[netlify-test-288a1]: found 21 files in out 
[debug] [2022-08-02T10:16:37.089Z] [hosting] uploading with 200 concurrency
[debug] [2022-08-02T10:16:37.295Z] [hosting] hash cache [b3V0] stored for 21 files
[debug] [2022-08-02T10:16:37.295Z] [hosting][hash queue][FINAL] {"max":201,"min":9,"avg":19.714285714285715,"active":0,"complete":21,"success":21,"errored":0,"retried":0,"total":21,"elapsed":205}
[debug] [2022-08-02T10:16:37.296Z] >>> [apiv2][query] POST https://firebasehosting.googleapis.com/v1beta1/projects/550957186344/sites/netlify-test-288a1/versions/8b13117df0a371db:populateFiles [none]
[debug] [2022-08-02T10:16:37.296Z] >>> [apiv2][body] POST https://firebasehosting.googleapis.com/v1beta1/projects/550957186344/sites/netlify-test-288a1/versions/8b13117df0a371db:populateFiles {"files":{"/404.html":"98aba453e70e1e102f483d293be353cd3835f29fe2f04246078036fc6bf688ad","/favicon.ico":"b86738b896783b97dfa0d6ec1a3dc393b1d50980676f2bdcfa1ca23d79c3ed62","/admin.html":"035eb7b21fd3a7c94ca41a70295a1cbf6bd8fd7c5b2d2a694d43c9d86023bc8e","/index.html":"87204aadc439cdefdece4dc003b3e4795572b519556cb8bb6815046710bce173","/netliheart.svg":"717cd68f78e5f35461864a8e529773890bbbce4edabb4f3b249c830cb71244de","/_next/static/chunks/764.0000fe2be907b0ba.js":"8ce904ebf6d7899810caaca952921635d0b4c351997ff9e25df2064f283e7ad7","/_next/static/chunks/pages/_app-74a2933b8f4e9d71.js":"c1b2112ac728d804b050518ef086e761de6236f54f5f6cdd7f9030a2ab980f2a","/_next/static/chunks/webpack-95eb2d0571769d2e.js":"d3979f5839904145c8d798069f4f2a412cac64716c7f83f50591447a03360c9d","/_next/static/chunks/pages/_error-a4ba2246ff8fb532.js":"26981bd5089a8c6a203007c11511063d44127c78c64cf317083a5a4ae56b65fd","/_next/static/chunks/pages/index-0a9fb20fd739b252.js":"75faf8e71d2a5fb7d9f175058eda5af03222f6b7cd951da7d463d005db31acf1","/_next/static/chunks/pages/admin-e24837857c6afce9.js":"899d6e0753755095ae14692f8d1eeffe991a15ca22ca2753d0e0122f217a5022","/_next/static/css/921ec2eac5cd9779.css":"539f6be64e030be5f9dc3d4362d7eb3243383ed05710e3f4772b4fc9f66f8516","/_next/static/css/f8721c35c36f829f.css":"c0096be0553712829954b241b293042a72fd3ab1f15c14a9a18f93fbe6acb82a","/_next/static/ww5ouJ0QCYiNV5jGTPLn-/_buildManifest.js":"fa02bebad3bbc32f778ced5233fc93cf3f4e8f4429e39a9f82629d3f7b0487a3","/_next/static/ww5ouJ0QCYiNV5jGTPLn-/_ssgManifest.js":"5c126729f9831113842c425975615db312fa26d39f3a9e1baa47d4ad65ac2f90","/admin/config.yml":"3e4dc1919fb68daaf3e77ee23357a4157727a1e8b4936b3475118b746c48450d","/admin/index.html":"fbec72cdc5b0ec8ee3fc47aa95e86dbf6d26bcb1cc8882dc31be239e5c80f90d","/_next/static/chunks/main-aff9f5cd95c9bd16.js":"567fea14457b51e35b054ca6c1e571c6232cb739d63e2b43494525f9fb682f00","/_next/static/chunks/polyfills-c67a75d1b6f99dc8.js":"aba23275a3c1380bfc8d467fd921b0c209e7182dbdaa02611c3a496b0b3b34ec","/_next/static/chunks/framework-4556c45dd113b893.js":"21e8fe6e07507c52fa7b8294e2213e58c3beff3f80ef426fa296aa67187bd82f","/_next/static/chunks/3deb07ea.23f727d187fb31f7.js":"f1fd42e5d5f21cc1414b171799dbf0d5ae4a1e43f6e7990116effa4d1a1bd72e"}}
[debug] [2022-08-02T10:16:38.222Z] <<< [apiv2][status] POST https://firebasehosting.googleapis.com/v1beta1/projects/550957186344/sites/netlify-test-288a1/versions/8b13117df0a371db:populateFiles 200
[debug] [2022-08-02T10:16:38.222Z] <<< [apiv2][body] POST https://firebasehosting.googleapis.com/v1beta1/projects/550957186344/sites/netlify-test-288a1/versions/8b13117df0a371db:populateFiles {"uploadRequiredHashes":["035eb7b21fd3a7c94ca41a70295a1cbf6bd8fd7c5b2d2a694d43c9d86023bc8e","87204aadc439cdefdece4dc003b3e4795572b519556cb8bb6815046710bce173","fbec72cdc5b0ec8ee3fc47aa95e86dbf6d26bcb1cc8882dc31be239e5c80f90d","98aba453e70e1e102f483d293be353cd3835f29fe2f04246078036fc6bf688ad"],"uploadUrl":"https://upload-firebasehosting.googleapis.com/upload/sites/netlify-test-288a1/versions/8b13117df0a371db/files"}
[debug] [2022-08-02T10:16:38.224Z] >>> [apiv2][query] POST https://upload-firebasehosting.googleapis.com/upload/sites/netlify-test-288a1/versions/8b13117df0a371db/files/035eb7b21fd3a7c94ca41a70295a1cbf6bd8fd7c5b2d2a694d43c9d86023bc8e [none]
[debug] [2022-08-02T10:16:38.224Z] >>> [apiv2][body] POST https://upload-firebasehosting.googleapis.com/upload/sites/netlify-test-288a1/versions/8b13117df0a371db/files/035eb7b21fd3a7c94ca41a70295a1cbf6bd8fd7c5b2d2a694d43c9d86023bc8e [stream]
[debug] [2022-08-02T10:16:38.226Z] >>> [apiv2][query] POST https://upload-firebasehosting.googleapis.com/upload/sites/netlify-test-288a1/versions/8b13117df0a371db/files/87204aadc439cdefdece4dc003b3e4795572b519556cb8bb6815046710bce173 [none]
[debug] [2022-08-02T10:16:38.226Z] >>> [apiv2][body] POST https://upload-firebasehosting.googleapis.com/upload/sites/netlify-test-288a1/versions/8b13117df0a371db/files/87204aadc439cdefdece4dc003b3e4795572b519556cb8bb6815046710bce173 [stream]
[debug] [2022-08-02T10:16:38.228Z] >>> [apiv2][query] POST https://upload-firebasehosting.googleapis.com/upload/sites/netlify-test-288a1/versions/8b13117df0a371db/files/fbec72cdc5b0ec8ee3fc47aa95e86dbf6d26bcb1cc8882dc31be239e5c80f90d [none]
[debug] [2022-08-02T10:16:38.228Z] >>> [apiv2][body] POST https://upload-firebasehosting.googleapis.com/upload/sites/netlify-test-288a1/versions/8b13117df0a371db/files/fbec72cdc5b0ec8ee3fc47aa95e86dbf6d26bcb1cc8882dc31be239e5c80f90d [stream]
[debug] [2022-08-02T10:16:38.230Z] >>> [apiv2][query] POST https://upload-firebasehosting.googleapis.com/upload/sites/netlify-test-288a1/versions/8b13117df0a371db/files/98aba453e70e1e102f483d293be353cd3835f29fe2f04246078036fc6bf688ad [none]
[debug] [2022-08-02T10:16:38.230Z] >>> [apiv2][body] POST https://upload-firebasehosting.googleapis.com/upload/sites/netlify-test-288a1/versions/8b13117df0a371db/files/98aba453e70e1e102f483d293be353cd3835f29fe2f04246078036fc6bf688ad [stream]
[debug] [2022-08-02T10:16:38.231Z] [hosting][populate queue][FINAL] {"max":930,"min":930,"avg":930,"active":0,"complete":1,"success":1,"errored":0,"retried":0,"total":1,"elapsed":937}
[debug] [2022-08-02T10:16:38.231Z] [hosting] uploads queued: 4
[debug] [2022-08-02T10:16:39.274Z] <<< [apiv2][status] POST https://upload-firebasehosting.googleapis.com/upload/sites/netlify-test-288a1/versions/8b13117df0a371db/files/fbec72cdc5b0ec8ee3fc47aa95e86dbf6d26bcb1cc8882dc31be239e5c80f90d 200
[debug] [2022-08-02T10:16:39.275Z] <<< [apiv2][body] POST https://upload-firebasehosting.googleapis.com/upload/sites/netlify-test-288a1/versions/8b13117df0a371db/files/fbec72cdc5b0ec8ee3fc47aa95e86dbf6d26bcb1cc8882dc31be239e5c80f90d [stream]
[debug] [2022-08-02T10:16:39.390Z] <<< [apiv2][status] POST https://upload-firebasehosting.googleapis.com/upload/sites/netlify-test-288a1/versions/8b13117df0a371db/files/035eb7b21fd3a7c94ca41a70295a1cbf6bd8fd7c5b2d2a694d43c9d86023bc8e 200
[debug] [2022-08-02T10:16:39.390Z] <<< [apiv2][body] POST https://upload-firebasehosting.googleapis.com/upload/sites/netlify-test-288a1/versions/8b13117df0a371db/files/035eb7b21fd3a7c94ca41a70295a1cbf6bd8fd7c5b2d2a694d43c9d86023bc8e [stream]
[debug] [2022-08-02T10:16:39.440Z] <<< [apiv2][status] POST https://upload-firebasehosting.googleapis.com/upload/sites/netlify-test-288a1/versions/8b13117df0a371db/files/98aba453e70e1e102f483d293be353cd3835f29fe2f04246078036fc6bf688ad 200
[debug] [2022-08-02T10:16:39.440Z] <<< [apiv2][body] POST https://upload-firebasehosting.googleapis.com/upload/sites/netlify-test-288a1/versions/8b13117df0a371db/files/98aba453e70e1e102f483d293be353cd3835f29fe2f04246078036fc6bf688ad [stream]
[debug] [2022-08-02T10:16:39.474Z] <<< [apiv2][status] POST https://upload-firebasehosting.googleapis.com/upload/sites/netlify-test-288a1/versions/8b13117df0a371db/files/87204aadc439cdefdece4dc003b3e4795572b519556cb8bb6815046710bce173 200
[debug] [2022-08-02T10:16:39.475Z] <<< [apiv2][body] POST https://upload-firebasehosting.googleapis.com/upload/sites/netlify-test-288a1/versions/8b13117df0a371db/files/87204aadc439cdefdece4dc003b3e4795572b519556cb8bb6815046710bce173 [stream]
[debug] [2022-08-02T10:16:39.476Z] [hosting][upload queue][FINAL] {"max":1253,"min":1052,"avg":1172.25,"active":0,"complete":4,"success":4,"errored":0,"retried":0,"total":4,"elapsed":1253}
[info] ✔  hosting[netlify-test-288a1]: file upload complete 
[debug] [2022-08-02T10:16:39.477Z] [hosting] deploy completed after 2400ms
[debug] [2022-08-02T10:16:39.486Z] [
  {
    "config": {
      "public": "out",
      "ignore": [
        "firebase.json",
        "**/.*",
        "**/node_modules/**"
      ],
      "rewrites": [
        {
          "source": "**",
          "destination": "/index.html"
        }
      ],
      "site": "netlify-test-288a1"
    },
    "site": "netlify-test-288a1",
    "version": "projects/550957186344/sites/netlify-test-288a1/versions/8b13117df0a371db"
  }
]
[info] i  hosting[netlify-test-288a1]: finalizing version... 
[debug] [2022-08-02T10:16:39.487Z] >>> [apiv2][query] PATCH https://firebasehosting.googleapis.com/v1beta1/projects/550957186344/sites/netlify-test-288a1/versions/8b13117df0a371db updateMask=status%2Cconfig
[debug] [2022-08-02T10:16:39.487Z] >>> [apiv2][body] PATCH https://firebasehosting.googleapis.com/v1beta1/projects/550957186344/sites/netlify-test-288a1/versions/8b13117df0a371db {"status":"FINALIZED","config":{"rewrites":[{"glob":"**","path":"/index.html"}]}}
[debug] [2022-08-02T10:16:40.390Z] <<< [apiv2][status] PATCH https://firebasehosting.googleapis.com/v1beta1/projects/550957186344/sites/netlify-test-288a1/versions/8b13117df0a371db 200
[debug] [2022-08-02T10:16:40.390Z] <<< [apiv2][body] PATCH https://firebasehosting.googleapis.com/v1beta1/projects/550957186344/sites/netlify-test-288a1/versions/8b13117df0a371db {"name":"projects/550957186344/sites/netlify-test-288a1/versions/8b13117df0a371db","status":"FINALIZED","config":{"rewrites":[{"glob":"**","path":"/index.html"}]},"labels":{"deployment-tool":"cli-firebase"},"createTime":"2022-08-02T10:16:36.694088Z","createUser":{"email":"roee.chaimowicz@clearme.com"},"finalizeTime":"2022-08-02T10:16:40.569107Z","finalizeUser":{"email":"roee.chaimowicz@clearme.com"}}
[debug] [2022-08-02T10:16:40.390Z] [hosting] finalized version for netlify-test-288a1:[object Object]
[info] ✔  hosting[netlify-test-288a1]: version finalized 
[info] i  hosting[netlify-test-288a1]: releasing new version... 
[debug] [2022-08-02T10:16:40.390Z] >>> [apiv2][query] POST https://firebasehosting.googleapis.com/v1beta1/projects/550957186344/sites/netlify-test-288a1/releases versionName=projects%2F550957186344%2Fsites%2Fnetlify-test-288a1%2Fversions%2F8b13117df0a371db
[debug] [2022-08-02T10:16:40.390Z] >>> [apiv2][body] POST https://firebasehosting.googleapis.com/v1beta1/projects/550957186344/sites/netlify-test-288a1/releases {"message":null}
[debug] [2022-08-02T10:16:41.240Z] <<< [apiv2][status] POST https://firebasehosting.googleapis.com/v1beta1/projects/550957186344/sites/netlify-test-288a1/releases 200
[debug] [2022-08-02T10:16:41.241Z] <<< [apiv2][body] POST https://firebasehosting.googleapis.com/v1beta1/projects/550957186344/sites/netlify-test-288a1/releases {"name":"projects/550957186344/sites/netlify-test-288a1/releases/1659435400700663","version":{"name":"projects/550957186344/sites/netlify-test-288a1/versions/8b13117df0a371db","status":"FINALIZED","config":{"rewrites":[{"glob":"**","path":"/index.html"}]},"labels":{"deployment-tool":"cli-firebase"},"createTime":"2022-08-02T10:16:36.694088Z","createUser":{"email":"roee.chaimowicz@clearme.com","imageUrl":"https://lh3.googleusercontent.com/a-/AFdZucq4iYNW8ndhBLKcfle_DFXVVZojnVgXXr0wSYQ"},"finalizeTime":"2022-08-02T10:16:40.569107Z","finalizeUser":{"email":"roee.chaimowicz@clearme.com","imageUrl":"https://lh3.googleusercontent.com/a-/AFdZucq4iYNW8ndhBLKcfle_DFXVVZojnVgXXr0wSYQ"}},"type":"DEPLOY","releaseTime":"2022-08-02T10:16:40.700663308Z","releaseUser":{"email":"roee.chaimowicz@clearme.com","imageUrl":"https://lh3.googleusercontent.com/a-/AFdZucq4iYNW8ndhBLKcfle_DFXVVZojnVgXXr0wSYQ"}}
[debug] [2022-08-02T10:16:41.241Z] [hosting] release: {"name":"projects/550957186344/sites/netlify-test-288a1/releases/1659435400700663","version":{"name":"projects/550957186344/sites/netlify-test-288a1/versions/8b13117df0a371db","status":"FINALIZED","config":{"rewrites":[{"glob":"**","path":"/index.html"}]},"labels":{"deployment-tool":"cli-firebase"},"createTime":"2022-08-02T10:16:36.694088Z","createUser":{"email":"roee.chaimowicz@clearme.com","imageUrl":"https://lh3.googleusercontent.com/a-/AFdZucq4iYNW8ndhBLKcfle_DFXVVZojnVgXXr0wSYQ"},"finalizeTime":"2022-08-02T10:16:40.569107Z","finalizeUser":{"email":"roee.chaimowicz@clearme.com","imageUrl":"https://lh3.googleusercontent.com/a-/AFdZucq4iYNW8ndhBLKcfle_DFXVVZojnVgXXr0wSYQ"}},"type":"DEPLOY","releaseTime":"2022-08-02T10:16:40.700663308Z","releaseUser":{"email":"roee.chaimowicz@clearme.com","imageUrl":"https://lh3.googleusercontent.com/a-/AFdZucq4iYNW8ndhBLKcfle_DFXVVZojnVgXXr0wSYQ"}}
[info] ✔  hosting[netlify-test-288a1]: release complete 
